  main.cpp
D:\ToParse\Danil\university\ПБСП\Games\OurTryes\Sockets\Sockets\SocketUtil.h(23,37): error C3646: CreateUDPSocket: неизвестный спецификатор переопределения
D:\ToParse\Danil\university\ПБСП\Games\OurTryes\Sockets\Sockets\SocketUtil.h(23,38): error C2275: SocketAddressFamily: недопустимое использование этого типа в качестве выражения
D:\ToParse\Danil\university\ПБСП\Games\OurTryes\Sockets\Sockets\SocketUtil.h(1): message : см. объявление "SocketAddressFamily"
D:\ToParse\Danil\university\ПБСП\Games\OurTryes\Sockets\Sockets\SocketUtil.h(23,58): error C2146: синтаксическая ошибка: отсутствие ")" перед идентификатором "inFamily"
D:\ToParse\Danil\university\ПБСП\Games\OurTryes\Sockets\Sockets\SocketUtil.h(23,67): error C2238: непредвиденные лексемы перед ";"
  SocketAddress.cpp
D:\ToParse\Danil\university\ПБСП\Games\OurTryes\Sockets\Sockets\SocketUtil.h(23,37): error C3646: CreateUDPSocket: неизвестный спецификатор переопределения
D:\ToParse\Danil\university\ПБСП\Games\OurTryes\Sockets\Sockets\SocketUtil.h(23,38): error C2275: SocketAddressFamily: недопустимое использование этого типа в качестве выражения
D:\ToParse\Danil\university\ПБСП\Games\OurTryes\Sockets\Sockets\SocketUtil.h(1): message : см. объявление "SocketAddressFamily"
D:\ToParse\Danil\university\ПБСП\Games\OurTryes\Sockets\Sockets\SocketUtil.h(23,58): error C2146: синтаксическая ошибка: отсутствие ")" перед идентификатором "inFamily"
D:\ToParse\Danil\university\ПБСП\Games\OurTryes\Sockets\Sockets\SocketUtil.h(23,67): error C2238: непредвиденные лексемы перед ";"
  SocketUtil.cpp
D:\ToParse\Danil\university\ПБСП\Games\OurTryes\Sockets\Sockets\SocketUtil.h(23,37): error C3646: CreateUDPSocket: неизвестный спецификатор переопределения
D:\ToParse\Danil\university\ПБСП\Games\OurTryes\Sockets\Sockets\SocketUtil.h(23,38): error C2275: SocketAddressFamily: недопустимое использование этого типа в качестве выражения
D:\ToParse\Danil\university\ПБСП\Games\OurTryes\Sockets\Sockets\SocketUtil.h(1): message : см. объявление "SocketAddressFamily"
D:\ToParse\Danil\university\ПБСП\Games\OurTryes\Sockets\Sockets\SocketUtil.h(23,58): error C2146: синтаксическая ошибка: отсутствие ")" перед идентификатором "inFamily"
D:\ToParse\Danil\university\ПБСП\Games\OurTryes\Sockets\Sockets\SocketUtil.h(23,67): error C2238: непредвиденные лексемы перед ";"
D:\ToParse\Danil\university\ПБСП\Games\OurTryes\Sockets\Sockets\SocketUtil.cpp(58,26): error C2039: "CreateUDPSocket": не является членом "SocketUtil".
D:\ToParse\Danil\university\ПБСП\Games\OurTryes\Sockets\Sockets\SocketUtil.h(7): message : см. объявление "SocketUtil"
  TCPSocket.cpp
D:\ToParse\Danil\university\ПБСП\Games\OurTryes\Sockets\Sockets\SocketUtil.h(23,37): error C3646: CreateUDPSocket: неизвестный спецификатор переопределения
D:\ToParse\Danil\university\ПБСП\Games\OurTryes\Sockets\Sockets\SocketUtil.h(23,38): error C2275: SocketAddressFamily: недопустимое использование этого типа в качестве выражения
D:\ToParse\Danil\university\ПБСП\Games\OurTryes\Sockets\Sockets\SocketUtil.h(1): message : см. объявление "SocketAddressFamily"
D:\ToParse\Danil\university\ПБСП\Games\OurTryes\Sockets\Sockets\SocketUtil.h(23,58): error C2146: синтаксическая ошибка: отсутствие ")" перед идентификатором "inFamily"
D:\ToParse\Danil\university\ПБСП\Games\OurTryes\Sockets\Sockets\SocketUtil.h(23,67): error C2238: непредвиденные лексемы перед ";"
D:\ToParse\Danil\university\ПБСП\Games\OurTryes\Sockets\Sockets\TCPSocket.cpp(5,73): warning C4267: аргумент: преобразование из "size_t" в "int"; возможна потеря данных
D:\ToParse\Danil\university\ПБСП\Games\OurTryes\Sockets\Sockets\TCPSocket.cpp(26,41): warning C4267: инициализация: преобразование из "size_t" в "int"; возможна потеря данных
  UDPSocket.cpp
D:\ToParse\Danil\university\ПБСП\Games\OurTryes\Sockets\Sockets\SocketUtil.h(23,37): error C3646: CreateUDPSocket: неизвестный спецификатор переопределения
D:\ToParse\Danil\university\ПБСП\Games\OurTryes\Sockets\Sockets\SocketUtil.h(23,38): error C2275: SocketAddressFamily: недопустимое использование этого типа в качестве выражения
D:\ToParse\Danil\university\ПБСП\Games\OurTryes\Sockets\Sockets\SocketUtil.h(1): message : см. объявление "SocketAddressFamily"
D:\ToParse\Danil\university\ПБСП\Games\OurTryes\Sockets\Sockets\SocketUtil.h(23,58): error C2146: синтаксическая ошибка: отсутствие ")" перед идентификатором "inFamily"
D:\ToParse\Danil\university\ПБСП\Games\OurTryes\Sockets\Sockets\SocketUtil.h(23,67): error C2238: непредвиденные лексемы перед ";"
D:\ToParse\Danil\university\ПБСП\Games\OurTryes\Sockets\Sockets\UDPSocket.cpp(6,77): warning C4267: аргумент: преобразование из "size_t" в "int"; возможна потеря данных
D:\ToParse\Danil\university\ПБСП\Games\OurTryes\Sockets\Sockets\UDPSocket.cpp(21,51): warning C4267: аргумент: преобразование из "size_t" в "int"; возможна потеря данных
D:\ToParse\Danil\university\ПБСП\Games\OurTryes\Sockets\Sockets\UDPSocket.cpp(36,49): warning C4267: инициализация: преобразование из "size_t" в "socklen_t"; возможна потеря данных
  Создание кода...
